-------------------------------------------------------------------------------
Test set: com.heima.article.test.ArticleFreemarkerTest
-------------------------------------------------------------------------------
Tests run: 1, Failures: 0, Errors: 1, Skipped: 0, Time elapsed: 0.008 s <<< FAILURE! - in com.heima.article.test.ArticleFreemarkerTest
initializationError  Time elapsed: 0.006 s  <<< ERROR!
java.lang.Exception: No runnable methods

